This file contains any messages produced by compilers while
running configure, to aid debugging if configure makes a mistake.

It was created by gettext configure 0.22.4, which was
generated by GNU Autoconf 2.71.  Invocation command line was

  $ ./configure --prefix=/home/icrad/project/bluetoothZ/3rd/gettext-0.22.4/build --host=arm-linux-gnueabihf

## --------- ##
## Platform. ##
## --------- ##

hostname = PC-20230909JCAI
uname -m = x86_64
uname -r = 5.15.133.1-microsoft-standard-WSL2
uname -s = Linux
uname -v = #1 SMP Thu Oct 5 21:02:42 UTC 2023

/usr/bin/uname -p = x86_64
/bin/uname -X     = unknown

/bin/arch              = x86_64
/usr/bin/arch -k       = unknown
/usr/convex/getsysinfo = unknown
/usr/bin/hostinfo      = unknown
/bin/machine           = unknown
/usr/bin/oslevel       = unknown
/bin/universe          = unknown

PATH: /home/icrad/.vscode-server/bin/8b3775030ed1a69b13e4f4c628c612102e30a681/bin/remote-cli/
PATH: /usr/local/sbin/
PATH: /usr/local/bin/
PATH: /usr/sbin/
PATH: /usr/bin/
PATH: /sbin/
PATH: /bin/
PATH: /usr/games/
PATH: /usr/local/games/
PATH: /usr/lib/wsl/lib/
PATH: /mnt/c/Program Files/Microsoft/jdk-11.0.12.7-hotspot/bin/
PATH: /mnt/c/windows/system32/
PATH: /mnt/c/windows/
PATH: /mnt/c/windows/System32/Wbem/
PATH: /mnt/c/windows/System32/WindowsPowerShell/v1.0/
PATH: /mnt/c/windows/System32/OpenSSH/
PATH: /mnt/c/Program Files/dotnet/
PATH: /mnt/c/Program Files/Microsoft SQL Server/Client SDK/ODBC/170/Tools/Binn/
PATH: /mnt/c/Program Files/Microsoft SQL Server/150/Tools/Binn/
PATH: /mnt/c/Users/Administrator/AppData/Local/Microsoft/WindowsApps/
PATH: /mnt/c/Users/Administrator/.dotnet/tools/
PATH: /mnt/d/IntelliJ IDEA 2023.2.4/bin/
PATH: /mnt/c/Users/Administrator/AppData/Local/Programs/Microsoft VS Code/bin/
PATH: /snap/bin/
PATH: /opt/gcc-sigmastar-9.1.0/bin/
PATH: /opt/gcc-sigmastar-9.1.0/bin/


## ----------- ##
## Core tests. ##
## ----------- ##

configure:1907: looking for aux files: config.guess config.sub missing install-sh
configure:1920:  trying ./build-aux/
configure:1949:   ./build-aux/config.guess found
configure:1949:   ./build-aux/config.sub found
configure:1949:   ./build-aux/missing found
configure:1931:   ./build-aux/install-sh found
configure:2080: checking for a BSD-compatible install
configure:2153: result: /usr/bin/install -c
configure:2164: checking whether build environment is sane
configure:2219: result: yes
configure:2275: checking for arm-linux-gnueabihf-strip
configure:2296: found /opt/gcc-sigmastar-9.1.0/bin/arm-linux-gnueabihf-strip
configure:2307: result: arm-linux-gnueabihf-strip
configure:2378: checking for a race-free mkdir -p
configure:2422: result: /usr/bin/mkdir -p
configure:2429: checking for gawk
configure:2450: found /usr/bin/gawk
configure:2461: result: gawk
configure:2472: checking whether make sets $(MAKE)
configure:2495: result: yes
configure:2525: checking whether make supports nested variables
configure:2543: result: yes
configure:2628: checking whether UID '1000' is supported by ustar format
configure:2631: result: yes
configure:2638: checking whether GID '1000' is supported by ustar format
configure:2641: result: yes
configure:2649: checking how to create a ustar tar archive
configure:2660: tar --version
tar (GNU tar) 1.34
Copyright (C) 2021 Free Software Foundation, Inc.
License GPLv3+: GNU GPL version 3 or later <https://gnu.org/licenses/gpl.html>.
This is free software: you are free to change and redistribute it.
There is NO WARRANTY, to the extent permitted by law.

Written by John Gilmore and Jay Fenlason.
configure:2663: $? = 0
configure:2703: tardir=conftest.dir && eval tar --format=ustar -chf - "$tardir" >conftest.tar
configure:2706: $? = 0
configure:2710: tar -xf - <conftest.tar
configure:2713: $? = 0
configure:2715: cat conftest.dir/file
GrepMe
configure:2718: $? = 0
configure:2732: result: gnutar
configure:2817: checking build system type
configure:2832: result: x86_64-pc-linux-gnu
configure:2852: checking host system type
configure:2866: result: arm-unknown-linux-gnueabihf
configure:3705: checking that generated files are newer than configure
configure:3711: result: done
configure:3719: creating ./config.status

## ---------------------- ##
## Running config.status. ##
## ---------------------- ##

This file was extended by gettext config.status 0.22.4, which was
generated by GNU Autoconf 2.71.  Invocation command line was

  CONFIG_FILES    = 
  CONFIG_HEADERS  = 
  CONFIG_LINKS    = 
  CONFIG_COMMANDS = 
  $ ./config.status 

on PC-20230909JCAI

config.status:762: creating Makefile
config.status:762: creating gnulib-local/Makefile
configure:4800: === configuring in gettext-runtime (/home/icrad/project/bluetoothZ/3rd/gettext-0.22.4/gettext-runtime)
configure:4861: running /bin/bash ./configure --disable-option-checking '--prefix=/home/icrad/project/bluetoothZ/3rd/gettext-0.22.4/build'  '--host=arm-linux-gnueabihf' 'host_alias=arm-linux-gnueabihf' --cache-file=/dev/null --srcdir=.
configure:4800: === configuring in libtextstyle (/home/icrad/project/bluetoothZ/3rd/gettext-0.22.4/libtextstyle)
configure:4861: running /bin/bash ./configure --disable-option-checking '--prefix=/home/icrad/project/bluetoothZ/3rd/gettext-0.22.4/build'  '--host=arm-linux-gnueabihf' 'host_alias=arm-linux-gnueabihf' --cache-file=/dev/null --srcdir=.
configure:4800: === configuring in gettext-tools (/home/icrad/project/bluetoothZ/3rd/gettext-0.22.4/gettext-tools)
configure:4861: running /bin/bash ./configure --disable-option-checking '--prefix=/home/icrad/project/bluetoothZ/3rd/gettext-0.22.4/build'  '--host=arm-linux-gnueabihf' 'host_alias=arm-linux-gnueabihf' --cache-file=/dev/null --srcdir=.

## ---------------- ##
## Cache variables. ##
## ---------------- ##

ac_cv_build=x86_64-pc-linux-gnu
ac_cv_env_CC_set=
ac_cv_env_CC_value=
ac_cv_env_CFLAGS_set=
ac_cv_env_CFLAGS_value=
ac_cv_env_CPPFLAGS_set=
ac_cv_env_CPPFLAGS_value=
ac_cv_env_CPP_set=
ac_cv_env_CPP_value=
ac_cv_env_CXXCPP_set=
ac_cv_env_CXXCPP_value=
ac_cv_env_CXXFLAGS_set=
ac_cv_env_CXXFLAGS_value=
ac_cv_env_CXX_set=
ac_cv_env_CXX_value=
ac_cv_env_EMACSLOADPATH_set=
ac_cv_env_EMACSLOADPATH_value=
ac_cv_env_EMACS_set=
ac_cv_env_EMACS_value=
ac_cv_env_LDFLAGS_set=
ac_cv_env_LDFLAGS_value=
ac_cv_env_LIBS_set=
ac_cv_env_LIBS_value=
ac_cv_env_LT_SYS_LIBRARY_PATH_set=
ac_cv_env_LT_SYS_LIBRARY_PATH_value=
ac_cv_env_YACC_set=
ac_cv_env_YACC_value=
ac_cv_env_YFLAGS_set=
ac_cv_env_YFLAGS_value=
ac_cv_env_build_alias_set=
ac_cv_env_build_alias_value=
ac_cv_env_host_alias_set=set
ac_cv_env_host_alias_value=arm-linux-gnueabihf
ac_cv_env_target_alias_set=
ac_cv_env_target_alias_value=
ac_cv_host=arm-unknown-linux-gnueabihf
ac_cv_path_install='/usr/bin/install -c'
ac_cv_path_mkdir=/usr/bin/mkdir
ac_cv_prog_AWK=gawk
ac_cv_prog_STRIP=arm-linux-gnueabihf-strip
ac_cv_prog_make_make_set=yes
am_cv_make_support_nested_variables=yes
am_cv_prog_tar_ustar=gnutar

## ----------------- ##
## Output variables. ##
## ----------------- ##

ACLOCAL='${SHELL} '\''/home/icrad/project/bluetoothZ/3rd/gettext-0.22.4/build-aux/missing'\'' aclocal-1.16'
AMTAR='$${TAR-tar}'
AM_BACKSLASH='\'
AM_DEFAULT_V='$(AM_DEFAULT_VERBOSITY)'
AM_DEFAULT_VERBOSITY='1'
AM_V='$(V)'
AUTOCONF='${SHELL} '\''/home/icrad/project/bluetoothZ/3rd/gettext-0.22.4/build-aux/missing'\'' autoconf'
AUTOHEADER='${SHELL} '\''/home/icrad/project/bluetoothZ/3rd/gettext-0.22.4/build-aux/missing'\'' autoheader'
AUTOMAKE='${SHELL} '\''/home/icrad/project/bluetoothZ/3rd/gettext-0.22.4/build-aux/missing'\'' automake-1.16'
AWK='gawk'
CC=''
CFLAGS=''
CPP=''
CPPFLAGS=''
CSCOPE='cscope'
CTAGS='ctags'
CXX=''
CXXCPP=''
CXXFLAGS=''
CYGPATH_W='echo'
DEFS='-DPACKAGE_NAME=\"gettext\" -DPACKAGE_TARNAME=\"gettext\" -DPACKAGE_VERSION=\"0.22.4\" -DPACKAGE_STRING=\"gettext\ 0.22.4\" -DPACKAGE_BUGREPORT=\"bug-gettext@gnu.org\" -DPACKAGE_URL=\"\" -DPACKAGE=\"gettext\" -DVERSION=\"0.22.4\"'
ECHO_C=''
ECHO_N='-n'
ECHO_T=''
EMACS=''
EMACSLOADPATH=''
ETAGS='etags'
INSTALL_DATA='${INSTALL} -m 644'
INSTALL_PROGRAM='${INSTALL}'
INSTALL_SCRIPT='${INSTALL}'
INSTALL_STRIP_PROGRAM='$(install_sh) -c -s'
LDFLAGS=''
LIBOBJS=''
LIBS=''
LTLIBOBJS=''
LT_SYS_LIBRARY_PATH=''
MAKEINFO='${SHELL} '\''/home/icrad/project/bluetoothZ/3rd/gettext-0.22.4/build-aux/missing'\'' makeinfo'
MKDIR_P='/usr/bin/mkdir -p'
PACKAGE='gettext'
PACKAGE_BUGREPORT='bug-gettext@gnu.org'
PACKAGE_NAME='gettext'
PACKAGE_STRING='gettext 0.22.4'
PACKAGE_TARNAME='gettext'
PACKAGE_URL=''
PACKAGE_VERSION='0.22.4'
PATH_SEPARATOR=':'
SET_MAKE=''
SHELL='/bin/bash'
STRIP='arm-linux-gnueabihf-strip'
VERSION='0.22.4'
YACC=''
YFLAGS=''
am__isrc=''
am__leading_dot='.'
am__tar='${AMTAR} chf - --format=ustar --owner=root --group=root "$$tardir"'
am__untar='tar -xf -'
bindir='${exec_prefix}/bin'
build='x86_64-pc-linux-gnu'
build_alias=''
build_cpu='x86_64'
build_os='linux-gnu'
build_vendor='pc'
datadir='${datarootdir}'
datarootdir='${prefix}/share'
docdir='${datarootdir}/doc/${PACKAGE_TARNAME}'
dvidir='${docdir}'
exec_prefix='${prefix}'
host='arm-unknown-linux-gnueabihf'
host_alias='arm-linux-gnueabihf'
host_cpu='arm'
host_os='linux-gnueabihf'
host_vendor='unknown'
htmldir='${docdir}'
includedir='${prefix}/include'
infodir='${datarootdir}/info'
install_sh='${SHELL} /home/icrad/project/bluetoothZ/3rd/gettext-0.22.4/build-aux/install-sh'
libdir='${exec_prefix}/lib'
libexecdir='${exec_prefix}/libexec'
localedir='${datarootdir}/locale'
localstatedir='${prefix}/var'
mandir='${datarootdir}/man'
mkdir_p='$(MKDIR_P)'
oldincludedir='/usr/include'
pdfdir='${docdir}'
prefix='/home/icrad/project/bluetoothZ/3rd/gettext-0.22.4/build'
program_transform_name='s,x,x,'
psdir='${docdir}'
runstatedir='${localstatedir}/run'
sbindir='${exec_prefix}/sbin'
sharedstatedir='${prefix}/com'
subdirs=' gettext-runtime libtextstyle gettext-tools'
sysconfdir='${prefix}/etc'
target_alias=''

## ----------- ##
## confdefs.h. ##
## ----------- ##

/* confdefs.h */
#define PACKAGE_NAME "gettext"
#define PACKAGE_TARNAME "gettext"
#define PACKAGE_VERSION "0.22.4"
#define PACKAGE_STRING "gettext 0.22.4"
#define PACKAGE_BUGREPORT "bug-gettext@gnu.org"
#define PACKAGE_URL ""
#define PACKAGE "gettext"
#define VERSION "0.22.4"

configure: exit 0
