This file contains any messages produced by compilers while
running configure, to aid debugging if configure makes a mistake.

It was created by bluez configure 5.66, which was
generated by GNU Autoconf 2.71.  Invocation command line was

  $ ./configure --prefix=/home/icrad/project/bluetoothZ/3rd/bluez-5.66/build --host=arm-linux-gnueabihf CC=arm-linux-gnueabihf-gcc --mandir=/home/icrad/project/bluetoothZ/3rd/bluez-5.66/build/usr/share/man --sysconfdir=/home/icrad/project/bluetoothZ/3rd/bluez-5.66/build/pc/etc --localstatedir=/home/icrad/project/bluetoothZ/3rd/bluez-5.66/build/var -enable-tools -enable-test --enable-experimental --enable-maintainer-mode --disable-udev --enable-library --enable-shared=yes --enable-network --enable-health --enable-cups --enable-threads --enable-pie --enable-deprecated 'LDFLAGS=-L/home/icrad/project/bluetoothZ/3rd/readline-7.0/build/lib -L/home/icrad/project/bluetoothZ/3rd/ncurses-6.2/build/lib' 'CFLAGS=-I/home/icrad/project/bluetoothZ/3rd/readline-7.0/build/include -I/home/icrad/project/bluetoothZ/3rd/ncurses-6.2/build/include'

## --------- ##
## Platform. ##
## --------- ##

hostname = PC-20230909JCAI
uname -m = x86_64
uname -r = 5.15.133.1-microsoft-standard-WSL2
uname -s = Linux
uname -v = #1 SMP Thu Oct 5 21:02:42 UTC 2023

/usr/bin/uname -p = x86_64
/bin/uname -X     = unknown

/bin/arch              = x86_64
/usr/bin/arch -k       = unknown
/usr/convex/getsysinfo = unknown
/usr/bin/hostinfo      = unknown
/bin/machine           = unknown
/usr/bin/oslevel       = unknown
/bin/universe          = unknown

PATH: /home/icrad/.vscode-server/bin/8b3775030ed1a69b13e4f4c628c612102e30a681/bin/remote-cli/
PATH: /usr/local/sbin/
PATH: /usr/local/bin/
PATH: /usr/sbin/
PATH: /usr/bin/
PATH: /sbin/
PATH: /bin/
PATH: /usr/games/
PATH: /usr/local/games/
PATH: /usr/lib/wsl/lib/
PATH: /mnt/c/Program Files/Microsoft/jdk-11.0.12.7-hotspot/bin/
PATH: /mnt/c/windows/system32/
PATH: /mnt/c/windows/
PATH: /mnt/c/windows/System32/Wbem/
PATH: /mnt/c/windows/System32/WindowsPowerShell/v1.0/
PATH: /mnt/c/windows/System32/OpenSSH/
PATH: /mnt/c/Program Files/dotnet/
PATH: /mnt/c/Program Files/Microsoft SQL Server/Client SDK/ODBC/170/Tools/Binn/
PATH: /mnt/c/Program Files/Microsoft SQL Server/150/Tools/Binn/
PATH: /mnt/c/Users/Administrator/AppData/Local/Microsoft/WindowsApps/
PATH: /mnt/c/Users/Administrator/.dotnet/tools/
PATH: /mnt/d/IntelliJ IDEA 2023.2.4/bin/
PATH: /mnt/c/Users/Administrator/AppData/Local/Programs/Microsoft VS Code/bin/
PATH: /snap/bin/
PATH: /opt/gcc-sigmastar-9.1.0/bin/
PATH: /opt/gcc-sigmastar-9.1.0/bin/


## ----------- ##
## Core tests. ##
## ----------- ##

configure:2660: looking for aux files: config.guess config.sub ltmain.sh compile missing install-sh
configure:2673:  trying ./
configure:2702:   ./config.guess found
configure:2702:   ./config.sub found
configure:2702:   ./ltmain.sh found
configure:2702:   ./compile found
configure:2702:   ./missing found
configure:2684:   ./install-sh found
configure:2832: checking for a BSD-compatible install
configure:2905: result: /usr/bin/install -c
configure:2916: checking whether build environment is sane
configure:2971: result: yes
configure:3027: checking for arm-linux-gnueabihf-strip
configure:3048: found /opt/gcc-sigmastar-9.1.0/bin/arm-linux-gnueabihf-strip
configure:3059: result: arm-linux-gnueabihf-strip
configure:3130: checking for a race-free mkdir -p
configure:3174: result: /usr/bin/mkdir -p
configure:3181: checking for gawk
configure:3202: found /usr/bin/gawk
configure:3213: result: gawk
configure:3224: checking whether make sets $(MAKE)
configure:3247: result: yes
configure:3277: checking whether make supports nested variables
configure:3295: result: yes
configure:3370: checking how to create a pax tar archive
configure:3381: tar --version
tar (GNU tar) 1.34
Copyright (C) 2021 Free Software Foundation, Inc.
License GPLv3+: GNU GPL version 3 or later <https://gnu.org/licenses/gpl.html>.
This is free software: you are free to change and redistribute it.
There is NO WARRANTY, to the extent permitted by law.

Written by John Gilmore and Jay Fenlason.
configure:3384: $? = 0
configure:3424: tardir=conftest.dir && eval tar --format=posix -chf - "$tardir" >conftest.tar
configure:3427: $? = 0
configure:3431: tar -xf - <conftest.tar
configure:3434: $? = 0
configure:3436: cat conftest.dir/file
GrepMe
configure:3439: $? = 0
configure:3453: result: gnutar
configure:3532: checking whether make supports nested variables
configure:3550: result: yes
configure:3563: checking whether to enable maintainer-specific portions of Makefiles
configure:3573: result: yes
configure:3600: checking for arm-linux-gnueabihf-pkg-config
configure:3638: result: no
configure:3648: checking for pkg-config
configure:3671: found /usr/bin/pkg-config
configure:3683: result: /usr/bin/pkg-config
configure:3708: checking pkg-config is at least version 0.9.0
configure:3711: result: yes
configure:3760: checking whether make supports the include directive
configure:3775: make -f confmf.GNU && cat confinc.out
this is the am__doit target
configure:3778: $? = 0
configure:3797: result: yes (GNU style)
configure:3828: checking for arm-linux-gnueabihf-gcc
configure:3860: result: arm-linux-gnueabihf-gcc
configure:4258: checking for C compiler version
configure:4267: arm-linux-gnueabihf-gcc --version >&5
arm-linux-gnueabihf-gcc (GCC) 9.1.0
Copyright (C) 2019 Free Software Foundation, Inc.
This is free software; see the source for copying conditions.  There is NO
warranty; not even for MERCHANTABILITY or FITNESS FOR A PARTICULAR PURPOSE.

configure:4278: $? = 0
configure:4267: arm-linux-gnueabihf-gcc -v >&5
Using built-in specs.
COLLECT_GCC=arm-linux-gnueabihf-gcc
COLLECT_LTO_WRAPPER=/opt/gcc-sigmastar-9.1.0/bin/../libexec/gcc/arm-linux-gnueabihf/9.1.0/lto-wrapper
Target: arm-linux-gnueabihf
Configured with: '/home/meng/toolchain/build/snapshots/gcc.git~gcc-9_1_0-release/configure' SHELL=/bin/bash --with-mpc=/home/meng/toolchain/build/builds/destdir/x86_64-unknown-linux-gnu --with-mpfr=/home/meng/toolchain/build/builds/destdir/x86_64-unknown-linux-gnu --with-gmp=/home/meng/toolchain/build/builds/destdir/x86_64-unknown-linux-gnu --with-gnu-as --with-gnu-ld --disable-libmudflap --enable-lto --enable-shared --without-included-gettext --enable-nls --with-system-zlib --disable-sjlj-exceptions --enable-gnu-unique-object --enable-linker-build-id --disable-libstdcxx-pch --enable-c99 --enable-clocale=gnu --enable-libstdcxx-debug --enable-long-long --with-cloog=no --with-ppl=no --with-isl=no --disable-multilib --with-float=hard --with-fpu=vfpv3-d16 --with-mode=thumb --with-arch=armv7-a --enable-threads=posix --enable-multiarch --enable-libstdcxx-time=yes --enable-gnu-indirect-function --with-build-sysroot=/home/meng/toolchain/build/sysroots/arm-linux-gnueabihf --with-sysroot=/home/meng/toolchain/build/builds/destdir/x86_64-unknown-linux-gnu/arm-linux-gnueabihf/libc --enable-checking=yes --disable-bootstrap --enable-languages=c,c++,fortran,lto --build=x86_64-unknown-linux-gnu --host=x86_64-unknown-linux-gnu --target=arm-linux-gnueabihf --prefix=/home/meng/toolchain/build/builds/destdir/x86_64-unknown-linux-gnu
Thread model: posix
gcc version 9.1.0 (GCC) 
configure:4278: $? = 0
configure:4267: arm-linux-gnueabihf-gcc -V >&5
arm-linux-gnueabihf-gcc: error: unrecognized command line option '-V'
arm-linux-gnueabihf-gcc: fatal error: no input files
compilation terminated.
configure:4278: $? = 1
configure:4267: arm-linux-gnueabihf-gcc -qversion >&5
arm-linux-gnueabihf-gcc: error: unrecognized command line option '-qversion'; did you mean '--version'?
arm-linux-gnueabihf-gcc: fatal error: no input files
compilation terminated.
configure:4278: $? = 1
configure:4267: arm-linux-gnueabihf-gcc -version >&5
arm-linux-gnueabihf-gcc: error: unrecognized command line option '-version'
arm-linux-gnueabihf-gcc: fatal error: no input files
compilation terminated.
configure:4278: $? = 1
configure:4298: checking whether the C compiler works
configure:4320: arm-linux-gnueabihf-gcc -I/home/icrad/project/bluetoothZ/3rd/readline-7.0/build/include -I/home/icrad/project/bluetoothZ/3rd/ncurses-6.2/build/include  -L/home/icrad/project/bluetoothZ/3rd/readline-7.0/build/lib -L/home/icrad/project/bluetoothZ/3rd/ncurses-6.2/build/lib conftest.c  >&5
configure:4324: $? = 0
configure:4374: result: yes
configure:4377: checking for C compiler default output file name
configure:4379: result: a.out
configure:4385: checking for suffix of executables
configure:4392: arm-linux-gnueabihf-gcc -o conftest -I/home/icrad/project/bluetoothZ/3rd/readline-7.0/build/include -I/home/icrad/project/bluetoothZ/3rd/ncurses-6.2/build/include  -L/home/icrad/project/bluetoothZ/3rd/readline-7.0/build/lib -L/home/icrad/project/bluetoothZ/3rd/ncurses-6.2/build/lib conftest.c  >&5
configure:4396: $? = 0
configure:4419: result: 
configure:4441: checking whether we are cross compiling
configure:4449: arm-linux-gnueabihf-gcc -o conftest -I/home/icrad/project/bluetoothZ/3rd/readline-7.0/build/include -I/home/icrad/project/bluetoothZ/3rd/ncurses-6.2/build/include  -L/home/icrad/project/bluetoothZ/3rd/readline-7.0/build/lib -L/home/icrad/project/bluetoothZ/3rd/ncurses-6.2/build/lib conftest.c  >&5
configure:4453: $? = 0
configure:4460: ./conftest
./configure: line 4462: ./conftest: cannot execute binary file: Exec format error
configure:4464: $? = 126
configure:4479: result: yes
configure:4484: checking for suffix of object files
configure:4507: arm-linux-gnueabihf-gcc -c -I/home/icrad/project/bluetoothZ/3rd/readline-7.0/build/include -I/home/icrad/project/bluetoothZ/3rd/ncurses-6.2/build/include  conftest.c >&5
configure:4511: $? = 0
configure:4533: result: o
configure:4537: checking whether the compiler supports GNU C
configure:4557: arm-linux-gnueabihf-gcc -c -I/home/icrad/project/bluetoothZ/3rd/readline-7.0/build/include -I/home/icrad/project/bluetoothZ/3rd/ncurses-6.2/build/include  conftest.c >&5
configure:4557: $? = 0
configure:4567: result: yes
configure:4578: checking whether arm-linux-gnueabihf-gcc accepts -g
configure:4599: arm-linux-gnueabihf-gcc -c -g  conftest.c >&5
configure:4599: $? = 0
configure:4643: result: yes
configure:4663: checking for arm-linux-gnueabihf-gcc option to enable C11 features
configure:4678: arm-linux-gnueabihf-gcc  -c -I/home/icrad/project/bluetoothZ/3rd/readline-7.0/build/include -I/home/icrad/project/bluetoothZ/3rd/ncurses-6.2/build/include  conftest.c >&5
configure:4678: $? = 0
configure:4696: result: none needed
configure:4812: checking whether arm-linux-gnueabihf-gcc understands -c and -o together
configure:4835: arm-linux-gnueabihf-gcc -c conftest.c -o conftest2.o
configure:4838: $? = 0
configure:4835: arm-linux-gnueabihf-gcc -c conftest.c -o conftest2.o
configure:4838: $? = 0
configure:4850: result: yes
configure:4869: checking dependency style of arm-linux-gnueabihf-gcc
configure:4981: result: gcc3
configure:4997: checking for C/C++ restrict keyword
configure:5027: arm-linux-gnueabihf-gcc -c -I/home/icrad/project/bluetoothZ/3rd/readline-7.0/build/include -I/home/icrad/project/bluetoothZ/3rd/ncurses-6.2/build/include  conftest.c >&5
configure:5027: $? = 0
configure:5036: result: __restrict__
configure:5056: checking for arm-linux-gnueabihf-gcc
configure:5088: result: arm-linux-gnueabihf-gcc
configure:5486: checking for C compiler version
configure:5495: arm-linux-gnueabihf-gcc --version >&5
arm-linux-gnueabihf-gcc (GCC) 9.1.0
Copyright (C) 2019 Free Software Foundation, Inc.
This is free software; see the source for copying conditions.  There is NO
warranty; not even for MERCHANTABILITY or FITNESS FOR A PARTICULAR PURPOSE.

configure:5506: $? = 0
configure:5495: arm-linux-gnueabihf-gcc -v >&5
Using built-in specs.
COLLECT_GCC=arm-linux-gnueabihf-gcc
COLLECT_LTO_WRAPPER=/opt/gcc-sigmastar-9.1.0/bin/../libexec/gcc/arm-linux-gnueabihf/9.1.0/lto-wrapper
Target: arm-linux-gnueabihf
Configured with: '/home/meng/toolchain/build/snapshots/gcc.git~gcc-9_1_0-release/configure' SHELL=/bin/bash --with-mpc=/home/meng/toolchain/build/builds/destdir/x86_64-unknown-linux-gnu --with-mpfr=/home/meng/toolchain/build/builds/destdir/x86_64-unknown-linux-gnu --with-gmp=/home/meng/toolchain/build/builds/destdir/x86_64-unknown-linux-gnu --with-gnu-as --with-gnu-ld --disable-libmudflap --enable-lto --enable-shared --without-included-gettext --enable-nls --with-system-zlib --disable-sjlj-exceptions --enable-gnu-unique-object --enable-linker-build-id --disable-libstdcxx-pch --enable-c99 --enable-clocale=gnu --enable-libstdcxx-debug --enable-long-long --with-cloog=no --with-ppl=no --with-isl=no --disable-multilib --with-float=hard --with-fpu=vfpv3-d16 --with-mode=thumb --with-arch=armv7-a --enable-threads=posix --enable-multiarch --enable-libstdcxx-time=yes --enable-gnu-indirect-function --with-build-sysroot=/home/meng/toolchain/build/sysroots/arm-linux-gnueabihf --with-sysroot=/home/meng/toolchain/build/builds/destdir/x86_64-unknown-linux-gnu/arm-linux-gnueabihf/libc --enable-checking=yes --disable-bootstrap --enable-languages=c,c++,fortran,lto --build=x86_64-unknown-linux-gnu --host=x86_64-unknown-linux-gnu --target=arm-linux-gnueabihf --prefix=/home/meng/toolchain/build/builds/destdir/x86_64-unknown-linux-gnu
Thread model: posix
gcc version 9.1.0 (GCC) 
configure:5506: $? = 0
configure:5495: arm-linux-gnueabihf-gcc -V >&5
arm-linux-gnueabihf-gcc: error: unrecognized command line option '-V'
arm-linux-gnueabihf-gcc: fatal error: no input files
compilation terminated.
configure:5506: $? = 1
configure:5495: arm-linux-gnueabihf-gcc -qversion >&5
arm-linux-gnueabihf-gcc: error: unrecognized command line option '-qversion'; did you mean '--version'?
arm-linux-gnueabihf-gcc: fatal error: no input files
compilation terminated.
configure:5506: $? = 1
configure:5495: arm-linux-gnueabihf-gcc -version >&5
arm-linux-gnueabihf-gcc: error: unrecognized command line option '-version'
arm-linux-gnueabihf-gcc: fatal error: no input files
compilation terminated.
configure:5506: $? = 1
configure:5510: checking whether the compiler supports GNU C
configure:5540: result: yes
configure:5551: checking whether arm-linux-gnueabihf-gcc accepts -g
configure:5616: result: yes
configure:5636: checking for arm-linux-gnueabihf-gcc option to enable C11 features
configure:5669: result: none needed
configure:5785: checking whether arm-linux-gnueabihf-gcc understands -c and -o together
configure:5823: result: yes
configure:5842: checking dependency style of arm-linux-gnueabihf-gcc
configure:5954: result: gcc3
configure:5971: checking whether arm-linux-gnueabihf-gcc accepts -fPIE
configure:5987: result: yes
configure:5991: checking whether arm-linux-gnueabihf-gcc accepts -fsanitize=address
configure:6007: result: yes
configure:6011: checking whether arm-linux-gnueabihf-gcc accepts -fsanitize=leak
configure:6027: result: yes
configure:6031: checking whether arm-linux-gnueabihf-gcc accepts -fsanitize=undefined
configure:6047: result: yes
configure:6120: checking build system type
configure:6135: result: x86_64-pc-linux-gnu
configure:6155: checking host system type
configure:6169: result: arm-unknown-linux-gnueabihf
configure:6210: checking how to print strings
configure:6237: result: printf
configure:6258: checking for a sed that does not truncate output
configure:6328: result: /usr/bin/sed
configure:6346: checking for grep that handles long lines and -e
configure:6410: result: /usr/bin/grep
configure:6415: checking for egrep
configure:6483: result: /usr/bin/grep -E
configure:6488: checking for fgrep
configure:6556: result: /usr/bin/grep -F
configure:6592: checking for ld used by arm-linux-gnueabihf-gcc
configure:6660: result: /opt/gcc-sigmastar-9.1.0/arm-linux-gnueabihf/bin/ld
configure:6667: checking if the linker (/opt/gcc-sigmastar-9.1.0/arm-linux-gnueabihf/bin/ld) is GNU ld
configure:6683: result: yes
configure:6695: checking for BSD- or MS-compatible name lister (nm)
configure:6750: result: /opt/gcc-sigmastar-9.1.0/bin/arm-linux-gnueabihf-nm -B
configure:6890: checking the name lister (/opt/gcc-sigmastar-9.1.0/bin/arm-linux-gnueabihf-nm -B) interface
configure:6898: arm-linux-gnueabihf-gcc -c -I/home/icrad/project/bluetoothZ/3rd/readline-7.0/build/include -I/home/icrad/project/bluetoothZ/3rd/ncurses-6.2/build/include  conftest.c >&5
configure:6901: /opt/gcc-sigmastar-9.1.0/bin/arm-linux-gnueabihf-nm -B "conftest.o"
configure:6904: output
00000000 B some_variable
configure:6911: result: BSD nm
configure:6914: checking whether ln -s works
configure:6918: result: yes
configure:6926: checking the maximum length of command line arguments
configure:7058: result: 1572864
configure:7106: checking how to convert x86_64-pc-linux-gnu file names to arm-unknown-linux-gnueabihf format
configure:7147: result: func_convert_file_noop
configure:7154: checking how to convert x86_64-pc-linux-gnu file names to toolchain format
configure:7175: result: func_convert_file_noop
configure:7182: checking for /opt/gcc-sigmastar-9.1.0/arm-linux-gnueabihf/bin/ld option to reload object files
configure:7190: result: -r
configure:7224: checking for arm-linux-gnueabihf-file
configure:7259: result: no
configure:7269: checking for file
configure:7290: found /usr/bin/file
configure:7301: result: file
configure:7313: WARNING: using cross tools not prefixed with host triplet
configure:7332: checking for arm-linux-gnueabihf-objdump
configure:7353: found /opt/gcc-sigmastar-9.1.0/bin/arm-linux-gnueabihf-objdump
configure:7364: result: arm-linux-gnueabihf-objdump
configure:7441: checking how to recognize dependent libraries
configure:7642: result: pass_all
configure:7687: checking for arm-linux-gnueabihf-dlltool
configure:7722: result: no
configure:7732: checking for dlltool
configure:7767: result: no
configure:7797: checking how to associate runtime and link libraries
configure:7825: result: printf %s\n
configure:7841: checking for arm-linux-gnueabihf-ar
configure:7862: found /opt/gcc-sigmastar-9.1.0/bin/arm-linux-gnueabihf-ar
configure:7873: result: arm-linux-gnueabihf-ar
configure:7975: checking for archiver @FILE support
configure:7993: arm-linux-gnueabihf-gcc -c -I/home/icrad/project/bluetoothZ/3rd/readline-7.0/build/include -I/home/icrad/project/bluetoothZ/3rd/ncurses-6.2/build/include  conftest.c >&5
configure:7993: $? = 0
configure:7997: arm-linux-gnueabihf-ar cr libconftest.a @conftest.lst >&5
configure:8000: $? = 0
configure:8005: arm-linux-gnueabihf-ar cr libconftest.a @conftest.lst >&5
arm-linux-gnueabihf-ar: conftest.o: No such file or directory
configure:8008: $? = 1
configure:8020: result: @
configure:8038: checking for arm-linux-gnueabihf-strip
configure:8070: result: arm-linux-gnueabihf-strip
configure:8147: checking for arm-linux-gnueabihf-ranlib
configure:8168: found /opt/gcc-sigmastar-9.1.0/bin/arm-linux-gnueabihf-ranlib
configure:8179: result: arm-linux-gnueabihf-ranlib
configure:8326: checking command to parse /opt/gcc-sigmastar-9.1.0/bin/arm-linux-gnueabihf-nm -B output from arm-linux-gnueabihf-gcc object
configure:8480: arm-linux-gnueabihf-gcc -c -I/home/icrad/project/bluetoothZ/3rd/readline-7.0/build/include -I/home/icrad/project/bluetoothZ/3rd/ncurses-6.2/build/include  conftest.c >&5
configure:8483: $? = 0
configure:8487: /opt/gcc-sigmastar-9.1.0/bin/arm-linux-gnueabihf-nm -B conftest.o | /usr/bin/sed -n -e 's/^.*[	 ]\([ABCDGIRSTW][ABCDGIRSTW]*\)[	 ][	 ]*\([_A-Za-z][_A-Za-z0-9]*\)$/\1 \2 \2/p' | /usr/bin/sed '/ __gnu_lto/d' > conftest.nm
configure:8553: arm-linux-gnueabihf-gcc -o conftest -I/home/icrad/project/bluetoothZ/3rd/readline-7.0/build/include -I/home/icrad/project/bluetoothZ/3rd/ncurses-6.2/build/include  -L/home/icrad/project/bluetoothZ/3rd/readline-7.0/build/lib -L/home/icrad/project/bluetoothZ/3rd/ncurses-6.2/build/lib conftest.c conftstm.o >&5
configure:8556: $? = 0
configure:8594: result: ok
configure:8641: checking for sysroot
configure:8672: result: no
configure:8679: checking for a working dd
configure:8723: result: /usr/bin/dd
configure:8727: checking how to truncate binary pipes
configure:8743: result: /usr/bin/dd bs=4096 count=1
configure:9035: checking for arm-linux-gnueabihf-mt
configure:9070: result: no
configure:9080: checking for mt
configure:9101: found /usr/bin/mt
configure:9112: result: mt
configure:9135: checking if mt is a manifest tool
configure:9142: mt '-?'
configure:9150: result: no
configure:9875: checking for stdio.h
configure:9875: arm-linux-gnueabihf-gcc -c -I/home/icrad/project/bluetoothZ/3rd/readline-7.0/build/include -I/home/icrad/project/bluetoothZ/3rd/ncurses-6.2/build/include  conftest.c >&5
configure:9875: $? = 0
configure:9875: result: yes
configure:9875: checking for stdlib.h
configure:9875: arm-linux-gnueabihf-gcc -c -I/home/icrad/project/bluetoothZ/3rd/readline-7.0/build/include -I/home/icrad/project/bluetoothZ/3rd/ncurses-6.2/build/include  conftest.c >&5
configure:9875: $? = 0
configure:9875: result: yes
configure:9875: checking for string.h
configure:9875: arm-linux-gnueabihf-gcc -c -I/home/icrad/project/bluetoothZ/3rd/readline-7.0/build/include -I/home/icrad/project/bluetoothZ/3rd/ncurses-6.2/build/include  conftest.c >&5
configure:9875: $? = 0
configure:9875: result: yes
configure:9875: checking for inttypes.h
configure:9875: arm-linux-gnueabihf-gcc -c -I/home/icrad/project/bluetoothZ/3rd/readline-7.0/build/include -I/home/icrad/project/bluetoothZ/3rd/ncurses-6.2/build/include  conftest.c >&5
configure:9875: $? = 0
configure:9875: result: yes
configure:9875: checking for stdint.h
configure:9875: arm-linux-gnueabihf-gcc -c -I/home/icrad/project/bluetoothZ/3rd/readline-7.0/build/include -I/home/icrad/project/bluetoothZ/3rd/ncurses-6.2/build/include  conftest.c >&5
configure:9875: $? = 0
configure:9875: result: yes
configure:9875: checking for strings.h
configure:9875: arm-linux-gnueabihf-gcc -c -I/home/icrad/project/bluetoothZ/3rd/readline-7.0/build/include -I/home/icrad/project/bluetoothZ/3rd/ncurses-6.2/build/include  conftest.c >&5
configure:9875: $? = 0
configure:9875: result: yes
configure:9875: checking for sys/stat.h
configure:9875: arm-linux-gnueabihf-gcc -c -I/home/icrad/project/bluetoothZ/3rd/readline-7.0/build/include -I/home/icrad/project/bluetoothZ/3rd/ncurses-6.2/build/include  conftest.c >&5
configure:9875: $? = 0
configure:9875: result: yes
configure:9875: checking for sys/types.h
configure:9875: arm-linux-gnueabihf-gcc -c -I/home/icrad/project/bluetoothZ/3rd/readline-7.0/build/include -I/home/icrad/project/bluetoothZ/3rd/ncurses-6.2/build/include  conftest.c >&5
configure:9875: $? = 0
configure:9875: result: yes
configure:9875: checking for unistd.h
configure:9875: arm-linux-gnueabihf-gcc -c -I/home/icrad/project/bluetoothZ/3rd/readline-7.0/build/include -I/home/icrad/project/bluetoothZ/3rd/ncurses-6.2/build/include  conftest.c >&5
configure:9875: $? = 0
configure:9875: result: yes
configure:9900: checking for dlfcn.h
configure:9900: arm-linux-gnueabihf-gcc -c -I/home/icrad/project/bluetoothZ/3rd/readline-7.0/build/include -I/home/icrad/project/bluetoothZ/3rd/ncurses-6.2/build/include  conftest.c >&5
configure:9900: $? = 0
configure:9900: result: yes
configure:10128: checking for objdir
configure:10144: result: .libs
configure:10404: checking if arm-linux-gnueabihf-gcc supports -fno-rtti -fno-exceptions
configure:10423: arm-linux-gnueabihf-gcc -c -I/home/icrad/project/bluetoothZ/3rd/readline-7.0/build/include -I/home/icrad/project/bluetoothZ/3rd/ncurses-6.2/build/include  -fno-rtti -fno-exceptions conftest.c >&5
cc1: warning: command line option '-fno-rtti' is valid for C++/D/ObjC++ but not for C
configure:10427: $? = 0
configure:10440: result: no
configure:10804: checking for arm-linux-gnueabihf-gcc option to produce PIC
configure:10812: result: -fPIC -DPIC
configure:10820: checking if arm-linux-gnueabihf-gcc PIC flag -fPIC -DPIC works
configure:10839: arm-linux-gnueabihf-gcc -c -I/home/icrad/project/bluetoothZ/3rd/readline-7.0/build/include -I/home/icrad/project/bluetoothZ/3rd/ncurses-6.2/build/include  -fPIC -DPIC -DPIC conftest.c >&5
configure:10843: $? = 0
configure:10856: result: yes
configure:10885: checking if arm-linux-gnueabihf-gcc static flag -static works
configure:10914: result: yes
configure:10929: checking if arm-linux-gnueabihf-gcc supports -c -o file.o
configure:10951: arm-linux-gnueabihf-gcc -c -I/home/icrad/project/bluetoothZ/3rd/readline-7.0/build/include -I/home/icrad/project/bluetoothZ/3rd/ncurses-6.2/build/include  -o out/conftest2.o conftest.c >&5
configure:10955: $? = 0
configure:10977: result: yes
configure:10985: checking if arm-linux-gnueabihf-gcc supports -c -o file.o
configure:11033: result: yes
configure:11066: checking whether the arm-linux-gnueabihf-gcc linker (/opt/gcc-sigmastar-9.1.0/arm-linux-gnueabihf/bin/ld) supports shared libraries
configure:12340: result: yes
configure:12377: checking whether -lc should be explicitly linked in
configure:12386: arm-linux-gnueabihf-gcc -c -I/home/icrad/project/bluetoothZ/3rd/readline-7.0/build/include -I/home/icrad/project/bluetoothZ/3rd/ncurses-6.2/build/include  conftest.c >&5
configure:12389: $? = 0
configure:12404: arm-linux-gnueabihf-gcc -shared  -fPIC -DPIC conftest.o  -v -Wl,-soname -Wl,conftest -o conftest 2\>\&1 \| /usr/bin/grep  -lc  \>/dev/null 2\>\&1
configure:12407: $? = 0
configure:12421: result: no
configure:12581: checking dynamic linker characteristics
configure:13163: arm-linux-gnueabihf-gcc -o conftest -I/home/icrad/project/bluetoothZ/3rd/readline-7.0/build/include -I/home/icrad/project/bluetoothZ/3rd/ncurses-6.2/build/include  -L/home/icrad/project/bluetoothZ/3rd/readline-7.0/build/lib -L/home/icrad/project/bluetoothZ/3rd/ncurses-6.2/build/lib -Wl,-rpath -Wl,/foo conftest.c  >&5
configure:13163: $? = 0
configure:13414: result: GNU/Linux ld.so
configure:13536: checking how to hardcode library paths into programs
configure:13561: result: immediate
configure:14113: checking whether stripping libraries is possible
configure:14122: result: yes
configure:14164: checking if libtool supports shared libraries
configure:14166: result: yes
configure:14169: checking whether to build shared libraries
configure:14194: result: yes
configure:14197: checking whether to build static libraries
configure:14201: result: no
configure:14242: checking for lcov
configure:14275: result: no
configure:14285: checking for dbus-run-session
configure:14306: found /usr/bin/dbus-run-session
configure:14317: result: yes
configure:14327: checking for valgrind
configure:14362: result: no
configure:14367: checking for valgrind/memcheck.h
configure:14367: arm-linux-gnueabihf-gcc -c -I/home/icrad/project/bluetoothZ/3rd/readline-7.0/build/include -I/home/icrad/project/bluetoothZ/3rd/ncurses-6.2/build/include  conftest.c >&5
conftest.c:52:10: fatal error: valgrind/memcheck.h: No such file or directory
   52 | #include <valgrind/memcheck.h>
      |          ^~~~~~~~~~~~~~~~~~~~~
compilation terminated.
configure:14367: $? = 1
configure: failed program was:
| /* confdefs.h */
| #define PACKAGE_NAME "bluez"
| #define PACKAGE_TARNAME "bluez"
| #define PACKAGE_VERSION "5.66"
| #define PACKAGE_STRING "bluez 5.66"
| #define PACKAGE_BUGREPORT ""
| #define PACKAGE_URL ""
| #define PACKAGE "bluez"
| #define VERSION "5.66"
| #define restrict __restrict__
| #define HAVE_STDIO_H 1
| #define HAVE_STDLIB_H 1
| #define HAVE_STRING_H 1
| #define HAVE_INTTYPES_H 1
| #define HAVE_STDINT_H 1
| #define HAVE_STRINGS_H 1
| #define HAVE_SYS_STAT_H 1
| #define HAVE_SYS_TYPES_H 1
| #define HAVE_UNISTD_H 1
| #define STDC_HEADERS 1
| #define HAVE_DLFCN_H 1
| #define LT_OBJDIR ".libs/"
| /* end confdefs.h.  */
| #include <stddef.h>
| #ifdef HAVE_STDIO_H
| # include <stdio.h>
| #endif
| #ifdef HAVE_STDLIB_H
| # include <stdlib.h>
| #endif
| #ifdef HAVE_STRING_H
| # include <string.h>
| #endif
| #ifdef HAVE_INTTYPES_H
| # include <inttypes.h>
| #endif
| #ifdef HAVE_STDINT_H
| # include <stdint.h>
| #endif
| #ifdef HAVE_STRINGS_H
| # include <strings.h>
| #endif
| #ifdef HAVE_SYS_TYPES_H
| # include <sys/types.h>
| #endif
| #ifdef HAVE_SYS_STAT_H
| # include <sys/stat.h>
| #endif
| #ifdef HAVE_UNISTD_H
| # include <unistd.h>
| #endif
| #include <valgrind/memcheck.h>
configure:14367: result: no
configure:14633: checking for explicit_bzero
configure:14633: arm-linux-gnueabihf-gcc -o conftest -I/home/icrad/project/bluetoothZ/3rd/readline-7.0/build/include -I/home/icrad/project/bluetoothZ/3rd/ncurses-6.2/build/include  -L/home/icrad/project/bluetoothZ/3rd/readline-7.0/build/lib -L/home/icrad/project/bluetoothZ/3rd/ncurses-6.2/build/lib conftest.c  >&5
configure:14633: $? = 0
configure:14633: result: yes
configure:14641: checking for getrandom
configure:14641: arm-linux-gnueabihf-gcc -o conftest -I/home/icrad/project/bluetoothZ/3rd/readline-7.0/build/include -I/home/icrad/project/bluetoothZ/3rd/ncurses-6.2/build/include  -L/home/icrad/project/bluetoothZ/3rd/readline-7.0/build/lib -L/home/icrad/project/bluetoothZ/3rd/ncurses-6.2/build/lib conftest.c  >&5
configure:14641: $? = 0
configure:14641: result: yes
configure:14649: checking for rawmemchr
configure:14649: arm-linux-gnueabihf-gcc -o conftest -I/home/icrad/project/bluetoothZ/3rd/readline-7.0/build/include -I/home/icrad/project/bluetoothZ/3rd/ncurses-6.2/build/include  -L/home/icrad/project/bluetoothZ/3rd/readline-7.0/build/lib -L/home/icrad/project/bluetoothZ/3rd/ncurses-6.2/build/lib conftest.c  >&5
configure:14649: $? = 0
configure:14649: result: yes
configure:14657: checking for signalfd
configure:14657: arm-linux-gnueabihf-gcc -o conftest -I/home/icrad/project/bluetoothZ/3rd/readline-7.0/build/include -I/home/icrad/project/bluetoothZ/3rd/ncurses-6.2/build/include  -L/home/icrad/project/bluetoothZ/3rd/readline-7.0/build/lib -L/home/icrad/project/bluetoothZ/3rd/ncurses-6.2/build/lib conftest.c  >&5
configure:14657: $? = 0
configure:14657: result: yes
configure:14666: checking for clock_gettime in -lrt
configure:14689: arm-linux-gnueabihf-gcc -o conftest -I/home/icrad/project/bluetoothZ/3rd/readline-7.0/build/include -I/home/icrad/project/bluetoothZ/3rd/ncurses-6.2/build/include  -L/home/icrad/project/bluetoothZ/3rd/readline-7.0/build/lib -L/home/icrad/project/bluetoothZ/3rd/ncurses-6.2/build/lib conftest.c -lrt   >&5
configure:14689: $? = 0
configure:14699: result: yes
configure:14709: checking for pthread_create in -lpthread
configure:14732: arm-linux-gnueabihf-gcc -o conftest -I/home/icrad/project/bluetoothZ/3rd/readline-7.0/build/include -I/home/icrad/project/bluetoothZ/3rd/ncurses-6.2/build/include  -L/home/icrad/project/bluetoothZ/3rd/readline-7.0/build/lib -L/home/icrad/project/bluetoothZ/3rd/ncurses-6.2/build/lib conftest.c -lpthread   >&5
configure:14732: $? = 0
configure:14742: result: yes
configure:14752: checking for dlopen in -ldl
configure:14775: arm-linux-gnueabihf-gcc -o conftest -I/home/icrad/project/bluetoothZ/3rd/readline-7.0/build/include -I/home/icrad/project/bluetoothZ/3rd/ncurses-6.2/build/include  -L/home/icrad/project/bluetoothZ/3rd/readline-7.0/build/lib -L/home/icrad/project/bluetoothZ/3rd/ncurses-6.2/build/lib conftest.c -ldl   >&5
configure:14775: $? = 0
configure:14785: result: yes
configure:14795: checking for linux/types.h
configure:14795: arm-linux-gnueabihf-gcc -c -I/home/icrad/project/bluetoothZ/3rd/readline-7.0/build/include -I/home/icrad/project/bluetoothZ/3rd/ncurses-6.2/build/include  conftest.c >&5
configure:14795: $? = 0
configure:14795: result: yes
configure:14801: checking for linux/if_alg.h
configure:14801: arm-linux-gnueabihf-gcc -c -I/home/icrad/project/bluetoothZ/3rd/readline-7.0/build/include -I/home/icrad/project/bluetoothZ/3rd/ncurses-6.2/build/include  conftest.c >&5
configure:14801: $? = 0
configure:14801: result: yes
configure:14807: checking for linux/uinput.h
configure:14807: arm-linux-gnueabihf-gcc -c -I/home/icrad/project/bluetoothZ/3rd/readline-7.0/build/include -I/home/icrad/project/bluetoothZ/3rd/ncurses-6.2/build/include  conftest.c >&5
configure:14807: $? = 0
configure:14807: result: yes
configure:14813: checking for linux/uhid.h
configure:14813: arm-linux-gnueabihf-gcc -c -I/home/icrad/project/bluetoothZ/3rd/readline-7.0/build/include -I/home/icrad/project/bluetoothZ/3rd/ncurses-6.2/build/include  conftest.c >&5
configure:14813: $? = 0
configure:14813: result: yes
configure:14819: checking for sys/random.h
configure:14819: arm-linux-gnueabihf-gcc -c -I/home/icrad/project/bluetoothZ/3rd/readline-7.0/build/include -I/home/icrad/project/bluetoothZ/3rd/ncurses-6.2/build/include  conftest.c >&5
configure:14819: $? = 0
configure:14819: result: yes
configure:14829: checking for glib-2.0 >= 2.28
configure:14836: $PKG_CONFIG --exists --print-errors "glib-2.0 >= 2.28"
configure:14839: $? = 0
configure:14853: $PKG_CONFIG --exists --print-errors "glib-2.0 >= 2.28"
configure:14856: $? = 0
configure:14894: result: yes
configure:14907: checking for gthread-2.0 >= 2.16
configure:14914: $PKG_CONFIG --exists --print-errors "gthread-2.0 >= 2.16"
configure:14917: $? = 0
configure:14931: $PKG_CONFIG --exists --print-errors "gthread-2.0 >= 2.16"
configure:14934: $? = 0
configure:14972: result: yes
configure:14982: checking for dbus-1 >= 1.6
configure:14989: $PKG_CONFIG --exists --print-errors "dbus-1 >= 1.6"
configure:14992: $? = 0
configure:15006: $PKG_CONFIG --exists --print-errors "dbus-1 >= 1.6"
configure:15009: $? = 0
configure:15047: result: yes
configure:15062: checking D-Bus configuration directory
configure:15068: result: /home/icrad/project/bluetoothZ/3rd/dbus-1.12.20/build/etc
configure:15082: checking D-Bus system bus services dir
configure:15088: result: /home/icrad/project/bluetoothZ/3rd/dbus-1.12.20/build/share/dbus-1/system-services
configure:15102: checking D-Bus session bus services dir
configure:15108: result: /home/icrad/project/bluetoothZ/3rd/dbus-1.12.20/build/share/dbus-1/services
configure:15126: result: ${prefix}/share/zsh/site-functions
configure:15748: checking for libical
configure:15755: $PKG_CONFIG --exists --print-errors "libical"
configure:15758: $? = 0
configure:15772: $PKG_CONFIG --exists --print-errors "libical"
configure:15775: $? = 0
configure:15813: result: yes
configure:15963: checking for readline/readline.h
configure:15963: arm-linux-gnueabihf-gcc -c -I/home/icrad/project/bluetoothZ/3rd/readline-7.0/build/include -I/home/icrad/project/bluetoothZ/3rd/ncurses-6.2/build/include  conftest.c >&5
configure:15963: $? = 0
configure:15963: result: yes
configure:16006: checking systemd system unit dir
configure:16012: result: /lib/systemd/system
configure:16026: checking systemd user unit dir
configure:16032: result: /usr/lib/systemd/user
configure:16064: checking for rst2man
configure:16085: found /usr/bin/rst2man
configure:16096: result: rst2man
configure:16708: checking that generated files are newer than configure
configure:16714: result: done
configure:16909: creating ./config.status

## ---------------------- ##
## Running config.status. ##
## ---------------------- ##

This file was extended by bluez config.status 5.66, which was
generated by GNU Autoconf 2.71.  Invocation command line was

  CONFIG_FILES    = 
  CONFIG_HEADERS  = 
  CONFIG_LINKS    = 
  CONFIG_COMMANDS = 
  $ ./config.status 

on PC-20230909JCAI

config.status:1241: creating Makefile
config.status:1241: creating src/bluetoothd.rst
config.status:1241: creating lib/bluez.pc
config.status:1241: creating mesh/bluetooth-meshd.rst
config.status:1241: creating config.h
config.status:1470: executing depfiles commands
config.status:1547: cd .       && sed -e '/# am--include-marker/d' Makefile         | make -f - am--depfiles
config.status:1552: $? = 0
config.status:1470: executing libtool commands

## ---------------- ##
## Cache variables. ##
## ---------------- ##

ac_cv_build=x86_64-pc-linux-gnu
ac_cv_c_compiler_gnu=yes
ac_cv_c_restrict=__restrict__
ac_cv_env_ALSA_CFLAGS_set=
ac_cv_env_ALSA_CFLAGS_value=
ac_cv_env_ALSA_LIBS_set=
ac_cv_env_ALSA_LIBS_value=
ac_cv_env_CC_set=set
ac_cv_env_CC_value=arm-linux-gnueabihf-gcc
ac_cv_env_CFLAGS_set=set
ac_cv_env_CFLAGS_value='-I/home/icrad/project/bluetoothZ/3rd/readline-7.0/build/include -I/home/icrad/project/bluetoothZ/3rd/ncurses-6.2/build/include'
ac_cv_env_CPPFLAGS_set=
ac_cv_env_CPPFLAGS_value=
ac_cv_env_DBUS_CFLAGS_set=
ac_cv_env_DBUS_CFLAGS_value=
ac_cv_env_DBUS_LIBS_set=
ac_cv_env_DBUS_LIBS_value=
ac_cv_env_ELL_CFLAGS_set=
ac_cv_env_ELL_CFLAGS_value=
ac_cv_env_ELL_LIBS_set=
ac_cv_env_ELL_LIBS_value=
ac_cv_env_GLIB_CFLAGS_set=
ac_cv_env_GLIB_CFLAGS_value=
ac_cv_env_GLIB_LIBS_set=
ac_cv_env_GLIB_LIBS_value=
ac_cv_env_GTHREAD_CFLAGS_set=
ac_cv_env_GTHREAD_CFLAGS_value=
ac_cv_env_GTHREAD_LIBS_set=
ac_cv_env_GTHREAD_LIBS_value=
ac_cv_env_ICAL_CFLAGS_set=
ac_cv_env_ICAL_CFLAGS_value=
ac_cv_env_ICAL_LIBS_set=
ac_cv_env_ICAL_LIBS_value=
ac_cv_env_JSONC_CFLAGS_set=
ac_cv_env_JSONC_CFLAGS_value=
ac_cv_env_JSONC_LIBS_set=
ac_cv_env_JSONC_LIBS_value=
ac_cv_env_LDFLAGS_set=set
ac_cv_env_LDFLAGS_value='-L/home/icrad/project/bluetoothZ/3rd/readline-7.0/build/lib -L/home/icrad/project/bluetoothZ/3rd/ncurses-6.2/build/lib'
ac_cv_env_LIBEBOOK_CFLAGS_set=
ac_cv_env_LIBEBOOK_CFLAGS_value=
ac_cv_env_LIBEBOOK_LIBS_set=
ac_cv_env_LIBEBOOK_LIBS_value=
ac_cv_env_LIBEDATESERVER_CFLAGS_set=
ac_cv_env_LIBEDATESERVER_CFLAGS_value=
ac_cv_env_LIBEDATESERVER_LIBS_set=
ac_cv_env_LIBEDATESERVER_LIBS_value=
ac_cv_env_LIBS_set=
ac_cv_env_LIBS_value=
ac_cv_env_LT_SYS_LIBRARY_PATH_set=
ac_cv_env_LT_SYS_LIBRARY_PATH_value=
ac_cv_env_PKG_CONFIG_LIBDIR_set=
ac_cv_env_PKG_CONFIG_LIBDIR_value=
ac_cv_env_PKG_CONFIG_PATH_set=set
ac_cv_env_PKG_CONFIG_PATH_value=/home/icrad/project/bluetoothZ/3rd/pkgconfig:
ac_cv_env_PKG_CONFIG_set=
ac_cv_env_PKG_CONFIG_value=
ac_cv_env_SBC_CFLAGS_set=
ac_cv_env_SBC_CFLAGS_value=
ac_cv_env_SBC_LIBS_set=
ac_cv_env_SBC_LIBS_value=
ac_cv_env_SPEEXDSP_CFLAGS_set=
ac_cv_env_SPEEXDSP_CFLAGS_value=
ac_cv_env_SPEEXDSP_LIBS_set=
ac_cv_env_SPEEXDSP_LIBS_value=
ac_cv_env_UDEV_CFLAGS_set=
ac_cv_env_UDEV_CFLAGS_value=
ac_cv_env_UDEV_LIBS_set=
ac_cv_env_UDEV_LIBS_value=
ac_cv_env_build_alias_set=
ac_cv_env_build_alias_value=
ac_cv_env_host_alias_set=set
ac_cv_env_host_alias_value=arm-linux-gnueabihf
ac_cv_env_target_alias_set=
ac_cv_env_target_alias_value=
ac_cv_func_explicit_bzero=yes
ac_cv_func_getrandom=yes
ac_cv_func_rawmemchr=yes
ac_cv_func_signalfd=yes
ac_cv_header_dlfcn_h=yes
ac_cv_header_inttypes_h=yes
ac_cv_header_linux_if_alg_h=yes
ac_cv_header_linux_types_h=yes
ac_cv_header_linux_uhid_h=yes
ac_cv_header_linux_uinput_h=yes
ac_cv_header_readline_readline_h=yes
ac_cv_header_stdint_h=yes
ac_cv_header_stdio_h=yes
ac_cv_header_stdlib_h=yes
ac_cv_header_string_h=yes
ac_cv_header_strings_h=yes
ac_cv_header_sys_random_h=yes
ac_cv_header_sys_stat_h=yes
ac_cv_header_sys_types_h=yes
ac_cv_header_unistd_h=yes
ac_cv_header_valgrind_memcheck_h=no
ac_cv_host=arm-unknown-linux-gnueabihf
ac_cv_lib_dl_dlopen=yes
ac_cv_lib_pthread_pthread_create=yes
ac_cv_lib_rt_clock_gettime=yes
ac_cv_objext=o
ac_cv_path_EGREP='/usr/bin/grep -E'
ac_cv_path_FGREP='/usr/bin/grep -F'
ac_cv_path_GREP=/usr/bin/grep
ac_cv_path_SED=/usr/bin/sed
ac_cv_path_ac_pt_PKG_CONFIG=/usr/bin/pkg-config
ac_cv_path_install='/usr/bin/install -c'
ac_cv_path_lt_DD=/usr/bin/dd
ac_cv_path_mkdir=/usr/bin/mkdir
ac_cv_prog_AR=arm-linux-gnueabihf-ar
ac_cv_prog_AWK=gawk
ac_cv_prog_CC=arm-linux-gnueabihf-gcc
ac_cv_prog_OBJDUMP=arm-linux-gnueabihf-objdump
ac_cv_prog_RANLIB=arm-linux-gnueabihf-ranlib
ac_cv_prog_RST2MAN=rst2man
ac_cv_prog_STRIP=arm-linux-gnueabihf-strip
ac_cv_prog_ac_ct_FILECMD=file
ac_cv_prog_ac_ct_MANIFEST_TOOL=mt
ac_cv_prog_cc_asan=yes
ac_cv_prog_cc_c11=
ac_cv_prog_cc_g=yes
ac_cv_prog_cc_lsan=yes
ac_cv_prog_cc_pie=yes
ac_cv_prog_cc_stdc=
ac_cv_prog_cc_ubsan=yes
ac_cv_prog_enable_coverage=no
ac_cv_prog_enable_dbus_run_session=yes
ac_cv_prog_make_make_set=yes
am_cv_CC_dependencies_compiler_type=gcc3
am_cv_make_support_nested_variables=yes
am_cv_prog_cc_c_o=yes
am_cv_prog_tar_pax=gnutar
lt_cv_ar_at_file=@
lt_cv_archive_cmds_need_lc=no
lt_cv_deplibs_check_method=pass_all
lt_cv_file_magic_cmd='$MAGIC_CMD'
lt_cv_file_magic_test_file=
lt_cv_ld_reload_flag=-r
lt_cv_nm_interface='BSD nm'
lt_cv_objdir=.libs
lt_cv_path_LD=/opt/gcc-sigmastar-9.1.0/arm-linux-gnueabihf/bin/ld
lt_cv_path_NM='/opt/gcc-sigmastar-9.1.0/bin/arm-linux-gnueabihf-nm -B'
lt_cv_path_mainfest_tool=no
lt_cv_prog_compiler_c_o=yes
lt_cv_prog_compiler_pic='-fPIC -DPIC'
lt_cv_prog_compiler_pic_works=yes
lt_cv_prog_compiler_rtti_exceptions=no
lt_cv_prog_compiler_static_works=yes
lt_cv_prog_gnu_ld=yes
lt_cv_sharedlib_from_linklib_cmd='printf %s\n'
lt_cv_shlibpath_overrides_runpath=no
lt_cv_sys_global_symbol_pipe='/usr/bin/sed -n -e '\''s/^.*[	 ]\([ABCDGIRSTW][ABCDGIRSTW]*\)[	 ][	 ]*\([_A-Za-z][_A-Za-z0-9]*\)$/\1 \2 \2/p'\'' | /usr/bin/sed '\''/ __gnu_lto/d'\'''
lt_cv_sys_global_symbol_to_c_name_address='/usr/bin/sed -n -e '\''s/^: \(.*\) .*$/  {"\1", (void *) 0},/p'\'' -e '\''s/^[ABCDGIRSTW][ABCDGIRSTW]* .* \(.*\)$/  {"\1", (void *) \&\1},/p'\'''
lt_cv_sys_global_symbol_to_c_name_address_lib_prefix='/usr/bin/sed -n -e '\''s/^: \(.*\) .*$/  {"\1", (void *) 0},/p'\'' -e '\''s/^[ABCDGIRSTW][ABCDGIRSTW]* .* \(lib.*\)$/  {"\1", (void *) \&\1},/p'\'' -e '\''s/^[ABCDGIRSTW][ABCDGIRSTW]* .* \(.*\)$/  {"lib\1", (void *) \&\1},/p'\'''
lt_cv_sys_global_symbol_to_cdecl='/usr/bin/sed -n -e '\''s/^T .* \(.*\)$/extern int \1();/p'\'' -e '\''s/^[ABCDGIRSTW][ABCDGIRSTW]* .* \(.*\)$/extern char \1;/p'\'''
lt_cv_sys_global_symbol_to_import=
lt_cv_sys_max_cmd_len=1572864
lt_cv_to_host_file_cmd=func_convert_file_noop
lt_cv_to_tool_file_cmd=func_convert_file_noop
lt_cv_truncate_bin='/usr/bin/dd bs=4096 count=1'
pkg_cv_DBUS_CFLAGS='-I/home/icrad/project/bluetoothZ/3rd/dbus-1.12.20/build/include/dbus-1.0 -I/home/icrad/project/bluetoothZ/3rd/dbus-1.12.20/build/lib/dbus-1.0/include'
pkg_cv_DBUS_LIBS='-L/home/icrad/project/bluetoothZ/3rd/dbus-1.12.20/build/lib -ldbus-1'
pkg_cv_GLIB_CFLAGS='-I/home/icrad/project/bluetoothZ/3rd/glib-2.40.0/build/include/glib-2.0 -I/home/icrad/project/bluetoothZ/3rd/glib-2.40.0/build/lib/glib-2.0/include'
pkg_cv_GLIB_LIBS='-L/home/icrad/project/bluetoothZ/3rd/glib-2.40.0/build/lib -lglib-2.0'
pkg_cv_GTHREAD_CFLAGS='-pthread -I/home/icrad/project/bluetoothZ/3rd/glib-2.40.0/build/include/glib-2.0 -I/home/icrad/project/bluetoothZ/3rd/glib-2.40.0/build/lib/glib-2.0/include'
pkg_cv_GTHREAD_LIBS='-L/home/icrad/project/bluetoothZ/3rd/glib-2.40.0/build/lib -lgthread-2.0 -pthread -lglib-2.0'
pkg_cv_ICAL_CFLAGS=-I/home/icrad/project/bluetoothZ/3rd/libical-1.0.1/build/build/include
pkg_cv_ICAL_LIBS='-L/home/icrad/project/bluetoothZ/3rd/libical-1.0.1/build/build/lib -lical -licalss -licalvcal -lpthread'

## ----------------- ##
## Output variables. ##
## ----------------- ##

A2DP_FALSE='#'
A2DP_TRUE=''
ACLOCAL='${SHELL} '\''/home/icrad/project/bluetoothZ/3rd/bluez-5.66/missing'\'' aclocal-1.16'
ADMIN_FALSE=''
ADMIN_TRUE='#'
ALSA_CFLAGS=''
ALSA_LIBS=''
AMDEPBACKSLASH='\'
AMDEP_FALSE='#'
AMDEP_TRUE=''
AMTAR='$${TAR-tar}'
AM_BACKSLASH='\'
AM_DEFAULT_V='$(AM_DEFAULT_VERBOSITY)'
AM_DEFAULT_VERBOSITY='0'
AM_V='$(V)'
ANDROID_FALSE=''
ANDROID_TRUE='#'
AR='arm-linux-gnueabihf-ar'
ASAN_LIB=''
AUTOCONF='${SHELL} '\''/home/icrad/project/bluetoothZ/3rd/bluez-5.66/missing'\'' autoconf'
AUTOHEADER='${SHELL} '\''/home/icrad/project/bluetoothZ/3rd/bluez-5.66/missing'\'' autoheader'
AUTOMAKE='${SHELL} '\''/home/icrad/project/bluetoothZ/3rd/bluez-5.66/missing'\'' automake-1.16'
AVRCP_FALSE='#'
AVRCP_TRUE=''
AWK='gawk'
BACKTRACE_CFLAGS=''
BACKTRACE_LIBS=''
BAP_FALSE='#'
BAP_TRUE=''
BTPCLIENT_FALSE=''
BTPCLIENT_TRUE='#'
CC='arm-linux-gnueabihf-gcc'
CCDEPMODE='depmode=gcc3'
CFLAGS='-I/home/icrad/project/bluetoothZ/3rd/readline-7.0/build/include -I/home/icrad/project/bluetoothZ/3rd/ncurses-6.2/build/include'
CLIENT_FALSE='#'
CLIENT_TRUE=''
CONFIGDIR='/home/icrad/project/bluetoothZ/3rd/bluez-5.66/build/pc/etc/bluetooth'
COVERAGE_FALSE=''
COVERAGE_TRUE='#'
CPPFLAGS=''
CSCOPE='cscope'
CTAGS='ctags'
CUPS_FALSE='#'
CUPS_TRUE=''
CYGPATH_W='echo'
DATAFILES_FALSE='#'
DATAFILES_TRUE=''
DBUS_CFLAGS='-I/home/icrad/project/bluetoothZ/3rd/dbus-1.12.20/build/include/dbus-1.0 -I/home/icrad/project/bluetoothZ/3rd/dbus-1.12.20/build/lib/dbus-1.0/include'
DBUS_CONFDIR='/home/icrad/project/bluetoothZ/3rd/dbus-1.12.20/build/etc'
DBUS_LIBS='-L/home/icrad/project/bluetoothZ/3rd/dbus-1.12.20/build/lib -ldbus-1'
DBUS_RUN_SESSION_FALSE='#'
DBUS_RUN_SESSION_TRUE=''
DBUS_SESSIONBUSDIR='/home/icrad/project/bluetoothZ/3rd/dbus-1.12.20/build/share/dbus-1/services'
DBUS_SYSTEMBUSDIR='/home/icrad/project/bluetoothZ/3rd/dbus-1.12.20/build/share/dbus-1/system-services'
DEFS='-DHAVE_CONFIG_H'
DEPDIR='.deps'
DEPRECATED_FALSE='#'
DEPRECATED_TRUE=''
DLLTOOL='false'
DSYMUTIL=''
DUMPBIN=''
ECHO_C=''
ECHO_N='-n'
ECHO_T=''
EGREP='/usr/bin/grep -E'
ELL_CFLAGS=''
ELL_LIBS=''
ETAGS='etags'
EXEEXT=''
EXPERIMENTAL_FALSE='#'
EXPERIMENTAL_TRUE=''
EXTERNAL_ELL_FALSE='#'
EXTERNAL_ELL_TRUE=''
FGREP='/usr/bin/grep -F'
FILECMD='file'
GLIB_CFLAGS='-I/home/icrad/project/bluetoothZ/3rd/glib-2.40.0/build/include/glib-2.0 -I/home/icrad/project/bluetoothZ/3rd/glib-2.40.0/build/lib/glib-2.0/include -pthread -I/home/icrad/project/bluetoothZ/3rd/glib-2.40.0/build/include/glib-2.0 -I/home/icrad/project/bluetoothZ/3rd/glib-2.40.0/build/lib/glib-2.0/include'
GLIB_LIBS='-L/home/icrad/project/bluetoothZ/3rd/glib-2.40.0/build/lib -lglib-2.0 -L/home/icrad/project/bluetoothZ/3rd/glib-2.40.0/build/lib -lgthread-2.0 -pthread -lglib-2.0'
GREP='/usr/bin/grep'
GTHREAD_CFLAGS='-pthread -I/home/icrad/project/bluetoothZ/3rd/glib-2.40.0/build/include/glib-2.0 -I/home/icrad/project/bluetoothZ/3rd/glib-2.40.0/build/lib/glib-2.0/include'
GTHREAD_LIBS='-L/home/icrad/project/bluetoothZ/3rd/glib-2.40.0/build/lib -lgthread-2.0 -pthread -lglib-2.0'
HEALTH_FALSE='#'
HEALTH_TRUE=''
HID2HCI_FALSE=''
HID2HCI_TRUE='#'
HID_FALSE='#'
HID_TRUE=''
HOG_FALSE='#'
HOG_TRUE=''
ICAL_CFLAGS='-I/home/icrad/project/bluetoothZ/3rd/libical-1.0.1/build/build/include'
ICAL_LIBS='-L/home/icrad/project/bluetoothZ/3rd/libical-1.0.1/build/build/lib -lical -licalss -licalvcal -lpthread'
INSTALL_DATA='${INSTALL} -m 644'
INSTALL_PROGRAM='${INSTALL}'
INSTALL_SCRIPT='${INSTALL}'
INSTALL_STRIP_PROGRAM='$(install_sh) -c -s'
JSONC_CFLAGS=''
JSONC_LIBS=''
JSON_CFLAGS=''
JSON_LIBS=''
LD='/opt/gcc-sigmastar-9.1.0/arm-linux-gnueabihf/bin/ld'
LDFLAGS='-L/home/icrad/project/bluetoothZ/3rd/readline-7.0/build/lib -L/home/icrad/project/bluetoothZ/3rd/ncurses-6.2/build/lib'
LIBEBOOK_CFLAGS=''
LIBEBOOK_LIBS=''
LIBEDATESERVER_CFLAGS=''
LIBEDATESERVER_LIBS=''
LIBOBJS=''
LIBRARY_FALSE='#'
LIBRARY_TRUE=''
LIBS=''
LIBSHARED_ELL_FALSE=''
LIBSHARED_ELL_TRUE='#'
LIBTOOL='$(SHELL) $(top_builddir)/libtool'
LIPO=''
LN_S='ln -s'
LOGGER_FALSE=''
LOGGER_TRUE='#'
LTLIBOBJS=''
LT_SYS_LIBRARY_PATH=''
MAINT=''
MAINTAINER_MODE_FALSE='#'
MAINTAINER_MODE_TRUE=''
MAKEINFO='${SHELL} '\''/home/icrad/project/bluetoothZ/3rd/bluez-5.66/missing'\'' makeinfo'
MANIFEST_TOOL=':'
MANPAGES_FALSE='#'
MANPAGES_TRUE=''
MCP_FALSE='#'
MCP_TRUE=''
MESH_FALSE=''
MESH_STORAGEDIR='/home/icrad/project/bluetoothZ/3rd/bluez-5.66/build/var/lib/bluetooth/mesh'
MESH_TRUE='#'
MIDI_FALSE=''
MIDI_TRUE='#'
MISC_CFLAGS=' -fPIC'
MISC_LDFLAGS=' -pie -Wl,-z,now'
MKDIR_P='/usr/bin/mkdir -p'
MONITOR_FALSE='#'
MONITOR_TRUE=''
NETWORK_FALSE='#'
NETWORK_TRUE=''
NFC_FALSE=''
NFC_TRUE='#'
NM='/opt/gcc-sigmastar-9.1.0/bin/arm-linux-gnueabihf-nm -B'
NMEDIT=''
OBEX_FALSE='#'
OBEX_TRUE=''
OBJDUMP='arm-linux-gnueabihf-objdump'
OBJEXT='o'
OTOOL64=''
OTOOL=''
PACKAGE='bluez'
PACKAGE_BUGREPORT=''
PACKAGE_NAME='bluez'
PACKAGE_STRING='bluez 5.66'
PACKAGE_TARNAME='bluez'
PACKAGE_URL=''
PACKAGE_VERSION='5.66'
PATH_SEPARATOR=':'
PKG_CONFIG='/usr/bin/pkg-config'
PKG_CONFIG_LIBDIR=''
PKG_CONFIG_PATH='/home/icrad/project/bluetoothZ/3rd/pkgconfig:'
PLUGIN_PHONEBOOK='dummy'
RANLIB='arm-linux-gnueabihf-ranlib'
READLINE_FALSE='#'
READLINE_TRUE=''
RST2MAN='rst2man'
RUN_RST2MAN_FALSE='#'
RUN_RST2MAN_TRUE=''
SAP_FALSE=''
SAP_TRUE='#'
SBC_CFLAGS=''
SBC_LIBS=''
SED='/usr/bin/sed'
SET_MAKE=''
SHELL='/bin/bash'
SIXAXIS_FALSE=''
SIXAXIS_TRUE='#'
SPEEXDSP_CFLAGS=''
SPEEXDSP_LIBS=''
STRIP='arm-linux-gnueabihf-strip'
SYSTEMD_FALSE='#'
SYSTEMD_SYSTEMUNITDIR='/lib/systemd/system'
SYSTEMD_TRUE=''
SYSTEMD_USERUNITDIR='/usr/lib/systemd/user'
TESTING_FALSE=''
TESTING_TRUE='#'
TEST_FALSE='#'
TEST_TRUE=''
TOOLS_FALSE='#'
TOOLS_TRUE=''
UDEV_CFLAGS=''
UDEV_DIR=''
UDEV_FALSE=''
UDEV_LIBS=''
UDEV_TRUE='#'
VALGRIND_FALSE=''
VALGRIND_TRUE='#'
VCP_FALSE='#'
VCP_TRUE=''
VERSION='5.66'
WARNING_CFLAGS=' -Wall -Werror -Wextra -Wno-unused-parameter -Wno-missing-field-initializers -Wdeclaration-after-statement -Wmissing-declarations -Wredundant-decls -Wcast-align -Wswitch-enum -Wformat -Wformat-security -DG_DISABLE_DEPRECATED -DGLIB_VERSION_MIN_REQUIRED=GLIB_VERSION_2_28 -DGLIB_VERSION_MAX_ALLOWED=GLIB_VERSION_2_32'
ZSH_COMPLETIONDIR='${prefix}/share/zsh/site-functions'
ZSH_COMPLETIONS_FALSE='#'
ZSH_COMPLETIONS_TRUE=''
ac_ct_AR=''
ac_ct_CC=''
ac_ct_DUMPBIN=''
am__EXEEXT_FALSE=''
am__EXEEXT_TRUE='#'
am__fastdepCC_FALSE='#'
am__fastdepCC_TRUE=''
am__include='include'
am__isrc=''
am__leading_dot='.'
am__nodep='_no'
am__quote=''
am__tar='tar --format=posix -chf - "$$tardir"'
am__untar='tar -xf -'
bindir='${exec_prefix}/bin'
build='x86_64-pc-linux-gnu'
build_alias=''
build_cpu='x86_64'
build_os='linux-gnu'
build_vendor='pc'
datadir='${datarootdir}'
datarootdir='${prefix}/share'
docdir='${datarootdir}/doc/${PACKAGE_TARNAME}'
dvidir='${docdir}'
enable_coverage='no'
enable_dbus_run_session='yes'
enable_valgrind=''
exec_prefix='${prefix}'
host='arm-unknown-linux-gnueabihf'
host_alias='arm-linux-gnueabihf'
host_cpu='arm'
host_os='linux-gnueabihf'
host_vendor='unknown'
htmldir='${docdir}'
includedir='${prefix}/include'
infodir='${datarootdir}/info'
install_sh='${SHELL} /home/icrad/project/bluetoothZ/3rd/bluez-5.66/install-sh'
libdir='${exec_prefix}/lib'
libexecdir='${exec_prefix}/libexec'
localedir='${datarootdir}/locale'
localstatedir='/home/icrad/project/bluetoothZ/3rd/bluez-5.66/build/var'
mandir='/home/icrad/project/bluetoothZ/3rd/bluez-5.66/build/usr/share/man'
mkdir_p='$(MKDIR_P)'
oldincludedir='/usr/include'
pdfdir='${docdir}'
prefix='/home/icrad/project/bluetoothZ/3rd/bluez-5.66/build'
program_transform_name='s,x,x,'
psdir='${docdir}'
runstatedir='${localstatedir}/run'
sbindir='${exec_prefix}/sbin'
sharedstatedir='${prefix}/com'
sysconfdir='/home/icrad/project/bluetoothZ/3rd/bluez-5.66/build/pc/etc'
target_alias=''

## ----------- ##
## confdefs.h. ##
## ----------- ##

/* confdefs.h */
#define PACKAGE_NAME "bluez"
#define PACKAGE_TARNAME "bluez"
#define PACKAGE_VERSION "5.66"
#define PACKAGE_STRING "bluez 5.66"
#define PACKAGE_BUGREPORT ""
#define PACKAGE_URL ""
#define PACKAGE "bluez"
#define VERSION "5.66"
#define restrict __restrict__
#define HAVE_STDIO_H 1
#define HAVE_STDLIB_H 1
#define HAVE_STRING_H 1
#define HAVE_INTTYPES_H 1
#define HAVE_STDINT_H 1
#define HAVE_STRINGS_H 1
#define HAVE_SYS_STAT_H 1
#define HAVE_SYS_TYPES_H 1
#define HAVE_UNISTD_H 1
#define STDC_HEADERS 1
#define HAVE_DLFCN_H 1
#define LT_OBJDIR ".libs/"
#define HAVE_EXPLICIT_BZERO 1
#define HAVE_GETRANDOM 1
#define HAVE_RAWMEMCHR 1
#define HAVE_LINUX_TYPES_H 1
#define HAVE_LINUX_IF_ALG_H 1
#define HAVE_LINUX_UINPUT_H 1
#define HAVE_LINUX_UHID_H 1
#define HAVE_SYS_RANDOM_H 1
#define NEED_THREADS 1
#define HAVE_READLINE_READLINE_H 1
#define STORAGEDIR "/home/icrad/project/bluetoothZ/3rd/bluez-5.66/build/var/lib/bluetooth"
#define CONFIGDIR "/home/icrad/project/bluetoothZ/3rd/bluez-5.66/build/pc/etc/bluetooth"
#define MESH_STORAGEDIR "/home/icrad/project/bluetoothZ/3rd/bluez-5.66/build/var/lib/bluetooth/mesh"
#define ANDROID_STORAGEDIR "/home/icrad/project/bluetoothZ/3rd/bluez-5.66/build/var/lib/bluetooth/android"

configure: exit 0
