Determining if files sys/endian.h exist failed with the following output:
Change Dir: /home/icrad/project/bluetoothZ/3rd/libical-1.0.1/build/CMakeFiles/CMakeTmp

Run Build Command(s):/usr/bin/gmake -f Makefile cmTC_3c9a0/fast && /usr/bin/gmake  -f CMakeFiles/cmTC_3c9a0.dir/build.make CMakeFiles/cmTC_3c9a0.dir/build
gmake[1]: Entering directory '/home/icrad/project/bluetoothZ/3rd/libical-1.0.1/build/CMakeFiles/CMakeTmp'
Building C object CMakeFiles/cmTC_3c9a0.dir/HAVE_SYS_ENDIAN_H.c.o
/opt/gcc-sigmastar-9.1.0/bin/arm-linux-gnueabihf-gcc    -o CMakeFiles/cmTC_3c9a0.dir/HAVE_SYS_ENDIAN_H.c.o -c /home/icrad/project/bluetoothZ/3rd/libical-1.0.1/build/CMakeFiles/CheckIncludeFiles/HAVE_SYS_ENDIAN_H.c
/home/icrad/project/bluetoothZ/3rd/libical-1.0.1/build/CMakeFiles/CheckIncludeFiles/HAVE_SYS_ENDIAN_H.c:2:10: fatal error: sys/endian.h: No such file or directory
    2 | #include <sys/endian.h>
      |          ^~~~~~~~~~~~~~
compilation terminated.
gmake[1]: *** [CMakeFiles/cmTC_3c9a0.dir/build.make:78: CMakeFiles/cmTC_3c9a0.dir/HAVE_SYS_ENDIAN_H.c.o] Error 1
gmake[1]: Leaving directory '/home/icrad/project/bluetoothZ/3rd/libical-1.0.1/build/CMakeFiles/CMakeTmp'
gmake: *** [Makefile:127: cmTC_3c9a0/fast] Error 2


Source:
/* */
#include <sys/endian.h>


int main(void){return 0;}

Performing C SOURCE FILE Test CMAKE_HAVE_LIBC_PTHREAD failed with the following output:
Change Dir: /home/icrad/project/bluetoothZ/3rd/libical-1.0.1/build/CMakeFiles/CMakeTmp

Run Build Command(s):/usr/bin/gmake -f Makefile cmTC_7f02f/fast && /usr/bin/gmake  -f CMakeFiles/cmTC_7f02f.dir/build.make CMakeFiles/cmTC_7f02f.dir/build
gmake[1]: Entering directory '/home/icrad/project/bluetoothZ/3rd/libical-1.0.1/build/CMakeFiles/CMakeTmp'
Building C object CMakeFiles/cmTC_7f02f.dir/src.c.o
/opt/gcc-sigmastar-9.1.0/bin/arm-linux-gnueabihf-gcc -DCMAKE_HAVE_LIBC_PTHREAD   -o CMakeFiles/cmTC_7f02f.dir/src.c.o -c /home/icrad/project/bluetoothZ/3rd/libical-1.0.1/build/CMakeFiles/CMakeTmp/src.c
Linking C executable cmTC_7f02f
/usr/bin/cmake -E cmake_link_script CMakeFiles/cmTC_7f02f.dir/link.txt --verbose=1
/opt/gcc-sigmastar-9.1.0/bin/arm-linux-gnueabihf-gcc -rdynamic CMakeFiles/cmTC_7f02f.dir/src.c.o -o cmTC_7f02f 
/opt/gcc-sigmastar-9.1.0/bin/../lib/gcc/arm-linux-gnueabihf/9.1.0/../../../../arm-linux-gnueabihf/bin/ld: CMakeFiles/cmTC_7f02f.dir/src.c.o: in function `main':
src.c:(.text+0x2a): undefined reference to `pthread_create'
/opt/gcc-sigmastar-9.1.0/bin/../lib/gcc/arm-linux-gnueabihf/9.1.0/../../../../arm-linux-gnueabihf/bin/ld: src.c:(.text+0x32): undefined reference to `pthread_detach'
/opt/gcc-sigmastar-9.1.0/bin/../lib/gcc/arm-linux-gnueabihf/9.1.0/../../../../arm-linux-gnueabihf/bin/ld: src.c:(.text+0x3a): undefined reference to `pthread_cancel'
/opt/gcc-sigmastar-9.1.0/bin/../lib/gcc/arm-linux-gnueabihf/9.1.0/../../../../arm-linux-gnueabihf/bin/ld: src.c:(.text+0x44): undefined reference to `pthread_join'
collect2: error: ld returned 1 exit status
gmake[1]: *** [CMakeFiles/cmTC_7f02f.dir/build.make:99: cmTC_7f02f] Error 1
gmake[1]: Leaving directory '/home/icrad/project/bluetoothZ/3rd/libical-1.0.1/build/CMakeFiles/CMakeTmp'
gmake: *** [Makefile:127: cmTC_7f02f/fast] Error 2


Source file was:
#include <pthread.h>

static void* test_func(void* data)
{
  return data;
}

int main(void)
{
  pthread_t thread;
  pthread_create(&thread, NULL, test_func, NULL);
  pthread_detach(thread);
  pthread_cancel(thread);
  pthread_join(thread, NULL);
  pthread_atfork(NULL, NULL, NULL);
  pthread_exit(NULL);

  return 0;
}

Determining if the function pthread_create exists in the pthreads failed with the following output:
Change Dir: /home/icrad/project/bluetoothZ/3rd/libical-1.0.1/build/CMakeFiles/CMakeTmp

Run Build Command(s):/usr/bin/gmake -f Makefile cmTC_cc198/fast && /usr/bin/gmake  -f CMakeFiles/cmTC_cc198.dir/build.make CMakeFiles/cmTC_cc198.dir/build
gmake[1]: Entering directory '/home/icrad/project/bluetoothZ/3rd/libical-1.0.1/build/CMakeFiles/CMakeTmp'
Building C object CMakeFiles/cmTC_cc198.dir/CheckFunctionExists.c.o
/opt/gcc-sigmastar-9.1.0/bin/arm-linux-gnueabihf-gcc   -DCHECK_FUNCTION_EXISTS=pthread_create -o CMakeFiles/cmTC_cc198.dir/CheckFunctionExists.c.o -c /usr/share/cmake-3.22/Modules/CheckFunctionExists.c
Linking C executable cmTC_cc198
/usr/bin/cmake -E cmake_link_script CMakeFiles/cmTC_cc198.dir/link.txt --verbose=1
/opt/gcc-sigmastar-9.1.0/bin/arm-linux-gnueabihf-gcc  -DCHECK_FUNCTION_EXISTS=pthread_create -rdynamic CMakeFiles/cmTC_cc198.dir/CheckFunctionExists.c.o -o cmTC_cc198  -lpthreads 
/opt/gcc-sigmastar-9.1.0/bin/../lib/gcc/arm-linux-gnueabihf/9.1.0/../../../../arm-linux-gnueabihf/bin/ld: cannot find -lpthreads
collect2: error: ld returned 1 exit status
gmake[1]: *** [CMakeFiles/cmTC_cc198.dir/build.make:99: cmTC_cc198] Error 1
gmake[1]: Leaving directory '/home/icrad/project/bluetoothZ/3rd/libical-1.0.1/build/CMakeFiles/CMakeTmp'
gmake: *** [Makefile:127: cmTC_cc198/fast] Error 2



Determining if the function pthread_attr_get_np exists in the pthread failed with the following output:
Change Dir: /home/icrad/project/bluetoothZ/3rd/libical-1.0.1/build/CMakeFiles/CMakeTmp

Run Build Command(s):/usr/bin/gmake -f Makefile cmTC_65b5d/fast && /usr/bin/gmake  -f CMakeFiles/cmTC_65b5d.dir/build.make CMakeFiles/cmTC_65b5d.dir/build
gmake[1]: Entering directory '/home/icrad/project/bluetoothZ/3rd/libical-1.0.1/build/CMakeFiles/CMakeTmp'
Building C object CMakeFiles/cmTC_65b5d.dir/CheckFunctionExists.c.o
/opt/gcc-sigmastar-9.1.0/bin/arm-linux-gnueabihf-gcc   -DCHECK_FUNCTION_EXISTS=pthread_attr_get_np -o CMakeFiles/cmTC_65b5d.dir/CheckFunctionExists.c.o -c /usr/share/cmake-3.22/Modules/CheckFunctionExists.c
Linking C executable cmTC_65b5d
/usr/bin/cmake -E cmake_link_script CMakeFiles/cmTC_65b5d.dir/link.txt --verbose=1
/opt/gcc-sigmastar-9.1.0/bin/arm-linux-gnueabihf-gcc  -DCHECK_FUNCTION_EXISTS=pthread_attr_get_np -rdynamic CMakeFiles/cmTC_65b5d.dir/CheckFunctionExists.c.o -o cmTC_65b5d  -lpthread 
/opt/gcc-sigmastar-9.1.0/bin/../lib/gcc/arm-linux-gnueabihf/9.1.0/../../../../arm-linux-gnueabihf/bin/ld: CMakeFiles/cmTC_65b5d.dir/CheckFunctionExists.c.o: in function `main':
CheckFunctionExists.c:(.text+0xa): undefined reference to `pthread_attr_get_np'
collect2: error: ld returned 1 exit status
gmake[1]: *** [CMakeFiles/cmTC_65b5d.dir/build.make:99: cmTC_65b5d] Error 1
gmake[1]: Leaving directory '/home/icrad/project/bluetoothZ/3rd/libical-1.0.1/build/CMakeFiles/CMakeTmp'
gmake: *** [Makefile:127: cmTC_65b5d/fast] Error 2



Determining if files pthread.h;pthread_np.h exist failed with the following output:
Change Dir: /home/icrad/project/bluetoothZ/3rd/libical-1.0.1/build/CMakeFiles/CMakeTmp

Run Build Command(s):/usr/bin/gmake -f Makefile cmTC_80386/fast && /usr/bin/gmake  -f CMakeFiles/cmTC_80386.dir/build.make CMakeFiles/cmTC_80386.dir/build
gmake[1]: Entering directory '/home/icrad/project/bluetoothZ/3rd/libical-1.0.1/build/CMakeFiles/CMakeTmp'
Building C object CMakeFiles/cmTC_80386.dir/HAVE_PTHREAD_NP_H.c.o
/opt/gcc-sigmastar-9.1.0/bin/arm-linux-gnueabihf-gcc    -o CMakeFiles/cmTC_80386.dir/HAVE_PTHREAD_NP_H.c.o -c /home/icrad/project/bluetoothZ/3rd/libical-1.0.1/build/CMakeFiles/CheckIncludeFiles/HAVE_PTHREAD_NP_H.c
/home/icrad/project/bluetoothZ/3rd/libical-1.0.1/build/CMakeFiles/CheckIncludeFiles/HAVE_PTHREAD_NP_H.c:3:10: fatal error: pthread_np.h: No such file or directory
    3 | #include <pthread_np.h>
      |          ^~~~~~~~~~~~~~
compilation terminated.
gmake[1]: *** [CMakeFiles/cmTC_80386.dir/build.make:78: CMakeFiles/cmTC_80386.dir/HAVE_PTHREAD_NP_H.c.o] Error 1
gmake[1]: Leaving directory '/home/icrad/project/bluetoothZ/3rd/libical-1.0.1/build/CMakeFiles/CMakeTmp'
gmake: *** [Makefile:127: cmTC_80386/fast] Error 2


Source:
/* */
#include <pthread.h>
#include <pthread_np.h>


int main(void){return 0;}

